{"/Users/andelarwanda/Desktop/chores/bravo-bn-fe/src/App.js": {"path":"/Users/andelarwanda/Desktop/chores/bravo-bn-fe/src/App.js","statementMap":{"0":{"start":{"line":4,"column":12},"end":{"line":8,"column":1}},"1":{"start":{"line":5,"column":4},"end":{"line":7,"column":6}}},"fnMap":{"0":{"name":"(anonymous_0)","decl":{"start":{"line":4,"column":12},"end":{"line":4,"column":13}},"loc":{"start":{"line":4,"column":18},"end":{"line":8,"column":1}},"line":4}},"branchMap":{},"s":{"0":1,"1":1},"f":{"0":1},"b":{},"_coverageSchema":"1a1c01bbd47fc00a2c39e90264f33305004495a9","hash":"74f60914340a6cf4efff02ea53f141229c712ecf"}
,"/Users/andelarwanda/Desktop/chores/bravo-bn-fe/src/index.js": {"path":"/Users/andelarwanda/Desktop/chores/bravo-bn-fe/src/index.js","statementMap":{"0":{"start":{"line":8,"column":18},"end":{"line":8,"column":48}},"1":{"start":{"line":9,"column":13},"end":{"line":9,"column":34}},"2":{"start":{"line":10,"column":0},"end":{"line":15,"column":2}}},"fnMap":{},"branchMap":{},"s":{"0":0,"1":0,"2":0},"f":{},"b":{}}
,"/Users/andelarwanda/Desktop/chores/bravo-bn-fe/src/components/NavDummy.js": {"path":"/Users/andelarwanda/Desktop/chores/bravo-bn-fe/src/components/NavDummy.js","statementMap":{"0":{"start":{"line":4,"column":4},"end":{"line":13,"column":6}}},"fnMap":{"0":{"name":"Nav","decl":{"start":{"line":3,"column":24},"end":{"line":3,"column":27}},"loc":{"start":{"line":3,"column":30},"end":{"line":14,"column":1}},"line":3}},"branchMap":{},"s":{"0":4},"f":{"0":4},"b":{},"_coverageSchema":"1a1c01bbd47fc00a2c39e90264f33305004495a9","hash":"1d13ae1965290feaecc6c3b0c099a92ca3abd816"}
,"/Users/andelarwanda/Desktop/chores/bravo-bn-fe/src/views/Home.js": {"path":"/Users/andelarwanda/Desktop/chores/bravo-bn-fe/src/views/Home.js","statementMap":{"0":{"start":{"line":4,"column":4},"end":{"line":12,"column":6}}},"fnMap":{"0":{"name":"Home","decl":{"start":{"line":3,"column":24},"end":{"line":3,"column":28}},"loc":{"start":{"line":3,"column":31},"end":{"line":13,"column":1}},"line":3}},"branchMap":{},"s":{"0":1},"f":{"0":1},"b":{},"_coverageSchema":"1a1c01bbd47fc00a2c39e90264f33305004495a9","hash":"a5d4ed2679e6594620bb9f632c21c5f2dc2c32ae"}
,"/Users/andelarwanda/Desktop/chores/bravo-bn-fe/src/views/Login.js": {"path":"/Users/andelarwanda/Desktop/chores/bravo-bn-fe/src/views/Login.js","statementMap":{"0":{"start":{"line":4,"column":4},"end":{"line":9,"column":6}}},"fnMap":{"0":{"name":"Login","decl":{"start":{"line":3,"column":24},"end":{"line":3,"column":29}},"loc":{"start":{"line":3,"column":32},"end":{"line":10,"column":1}},"line":3}},"branchMap":{},"s":{"0":1},"f":{"0":1},"b":{},"_coverageSchema":"1a1c01bbd47fc00a2c39e90264f33305004495a9","hash":"62acbd7e120ae23a47d374b7aeb41f2e0aeebcfd"}
}
