TN:
SF:src/App.js
FN:4,(anonymous_0)
FNF:1
FNH:1
FNDA:1,(anonymous_0)
DA:4,1
DA:5,1
LF:2
LH:2
BRF:0
BRH:0
end_of_record
TN:
SF:src/index.js
FNF:0
FNH:0
DA:8,0
DA:9,0
DA:10,0
LF:3
LH:0
BRF:0
BRH:0
end_of_record
TN:
SF:src/components/NavDummy.js
FN:4,Nav
FNF:1
FNH:1
FNDA:2,Nav
DA:5,2
LF:1
LH:1
BRF:0
BRH:0
end_of_record
TN:
SF:src/routes/index.js
FN:11,Router
FNF:1
FNH:1
FNDA:1,Router
DA:12,1
DA:27,1
LF:2
LH:2
BRF:0
BRH:0
end_of_record
TN:
SF:src/views/About.js
FN:3,About
FNF:1
FNH:1
FNDA:1,About
DA:4,1
LF:1
LH:1
BRF:0
BRH:0
end_of_record
TN:
SF:src/views/Home.js
FN:3,Home
FNF:1
FNH:1
FNDA:1,Home
DA:4,1
LF:1
LH:1
BRF:0
BRH:0
end_of_record
TN:
SF:src/views/Login.js
FN:3,Login
FNF:1
FNH:1
FNDA:1,Login
DA:4,1
LF:1
LH:1
BRF:0
BRH:0
end_of_record
TN:
SF:src/views/Signup.js
FN:3,SignUp
FNF:1
FNH:1
FNDA:1,SignUp
DA:4,1
LF:1
LH:1
BRF:0
BRH:0
end_of_record
